OpenJDK 64-Bit Server VM warning: Option UseConcMarkSweepGC was deprecated in version 9.0 and will likely be removed in a future release.
2020-06-02 15:27:57,659 [   9582]   WARN - com.intellij.util.xmlb.Binding - no accessors for class org.jetbrains.kotlin.idea.highlighter.KotlinDefaultHighlightingSettingsProvider 
2020-06-02 15:27:58,468 [  10391]   WARN - Container.ComponentManagerImpl - Do not use constructor injection (requestorClass=com.android.tools.idea.sdk.AndroidSdks) 
2020-06-02 15:27:59,062 [  10985]   WARN - openapi.wm.impl.ToolWindowImpl - ToolWindow icons should be 13x13. Please fix ToolWindow (ID:  Problems View) or icon jar:file:/home/jgamboa/Descargas/Appz/idea-IU-201.7223.91/lib/icons.jar!/general/warning.svg 
2020-06-02 15:28:06,527 [  18450]   WARN - ion.impl.NotificationCollector - Notification group 'System Messages' is already registered in whitelist 
2020-06-02 15:28:06,527 [  18450]   WARN - ion.impl.NotificationCollector - Notification group 'Project generator' is already registered in whitelist 
2020-06-02 15:28:06,527 [  18450]   WARN - ion.impl.NotificationCollector - Notification group 'Heap Dump Analysis' is already registered in whitelist 
2020-06-02 15:28:06,527 [  18450]   WARN - ion.impl.NotificationCollector - Notification group 'Low Memory' is already registered in whitelist 
OpenJDK 64-Bit Server VM warning: Option UseConcMarkSweepGC was deprecated in version 9.0 and will likely be removed in a future release.
Already running
2020-06-02 17:13:05,609 [6317532]   WARN - openapi.wm.impl.ToolWindowImpl - ToolWindow icons should be 13x13. Please fix ToolWindow (ID:  Problems View) or icon jar:file:/home/jgamboa/Descargas/Appz/idea-IU-201.7223.91/lib/icons.jar!/general/warning.svg 
2020-06-02 17:13:14,035 [6325958]   WARN - com.intellij.util.xmlb.Binding - no accessors for class org.jetbrains.kotlin.idea.core.script.configuration.utils.ScriptClassRootsStorage 
2020-06-02 17:13:14,103 [6326026]   WARN - ernallyAddedFilesProcessorImpl - Cannot find project config directory for non-default and non-directory based project emssanar 
2020-06-02 17:13:22,198 [6334121]   WARN - lij.build.BuildTreeConsoleView - start event id collision found:Downloading org.apache.maven.plugins:maven-eclipse-plugin::2.10, was also in node: null 
2020-06-02 17:13:26,121 [6338044]   WARN - lij.build.BuildTreeConsoleView - start event id collision found:Downloading org.apache.maven.plugins:maven-eclipse-plugin::2.8, was also in node: null 
[WARNING] Failure to transfer commons-beanutils:commons-beanutils/maven-metadata.xml from http://snapshots.repository.codehaus.org was cached in the local repository, resolution will not be reattempted until the update interval of codehaus.org has elapsed or updates are forced. Original error: Could not transfer metadata commons-beanutils:commons-beanutils/maven-metadata.xml from/to codehaus.org (http://snapshots.repository.codehaus.org): Transfer failed for http://snapshots.repository.codehaus.org/commons-beanutils/commons-beanutils/maven-metadata.xml
[WARNING] Failure to transfer commons-collections:commons-collections/maven-metadata.xml from http://snapshots.repository.codehaus.org was cached in the local repository, resolution will not be reattempted until the update interval of codehaus.org has elapsed or updates are forced. Original error: Could not transfer metadata commons-collections:commons-collections/maven-metadata.xml from/to codehaus.org (http://snapshots.repository.codehaus.org): Transfer failed for http://snapshots.repository.codehaus.org/commons-collections/commons-collections/maven-metadata.xml
[WARNING] Failure to transfer commons-digester:commons-digester/maven-metadata.xml from http://snapshots.repository.codehaus.org was cached in the local repository, resolution will not be reattempted until the update interval of codehaus.org has elapsed or updates are forced. Original error: Could not transfer metadata commons-digester:commons-digester/maven-metadata.xml from/to codehaus.org (http://snapshots.repository.codehaus.org): Transfer failed for http://snapshots.repository.codehaus.org/commons-digester/commons-digester/maven-metadata.xml
[WARNING] Failure to transfer commons-logging:commons-logging/maven-metadata.xml from http://snapshots.repository.codehaus.org was cached in the local repository, resolution will not be reattempted until the update interval of codehaus.org has elapsed or updates are forced. Original error: Could not transfer metadata commons-logging:commons-logging/maven-metadata.xml from/to codehaus.org (http://snapshots.repository.codehaus.org): Transfer failed for http://snapshots.repository.codehaus.org/commons-logging/commons-logging/maven-metadata.xml
[WARNING] Failure to transfer itext:itext/maven-metadata.xml from http://snapshots.repository.codehaus.org was cached in the local repository, resolution will not be reattempted until the update interval of codehaus.org has elapsed or updates are forced. Original error: Could not transfer metadata itext:itext/maven-metadata.xml from/to codehaus.org (http://snapshots.repository.codehaus.org): Transfer failed for http://snapshots.repository.codehaus.org/itext/itext/maven-metadata.xml
[WARNING] Failure to transfer jfree:jcommon/maven-metadata.xml from http://snapshots.repository.codehaus.org was cached in the local repository, resolution will not be reattempted until the update interval of codehaus.org has elapsed or updates are forced. Original error: Could not transfer metadata jfree:jcommon/maven-metadata.xml from/to codehaus.org (http://snapshots.repository.codehaus.org): Transfer failed for http://snapshots.repository.codehaus.org/jfree/jcommon/maven-metadata.xml
[WARNING] Failure to transfer jfree:jfreechart/maven-metadata.xml from http://snapshots.repository.codehaus.org was cached in the local repository, resolution will not be reattempted until the update interval of codehaus.org has elapsed or updates are forced. Original error: Could not transfer metadata jfree:jfreechart/maven-metadata.xml from/to codehaus.org (http://snapshots.repository.codehaus.org): Transfer failed for http://snapshots.repository.codehaus.org/jfree/jfreechart/maven-metadata.xml
[WARNING] Failure to transfer eclipse:jdtcore/maven-metadata.xml from http://snapshots.repository.codehaus.org was cached in the local repository, resolution will not be reattempted until the update interval of codehaus.org has elapsed or updates are forced. Original error: Could not transfer metadata eclipse:jdtcore/maven-metadata.xml from/to codehaus.org (http://snapshots.repository.codehaus.org): Transfer failed for http://snapshots.repository.codehaus.org/eclipse/jdtcore/maven-metadata.xml
2020-06-02 17:14:23,703 [6395626]   WARN - Container.ComponentManagerImpl - Do not use constructor injection (requestorClass=com.android.tools.idea.lang.androidSql.room.RoomDependencyChecker) 
2020-06-02 17:14:37,434 [6409357]   WARN - util.DeprecatedMethodException - The default implementation of ConfigurationFactory.getId is deprecated, you need to override it in org.jetbrains.kotlin.idea.nodejs.protractor.KotlinProtractorConfigurationType$1. The default implementation delegates to 'getName' which may be localized but return value of this method must not depend on current localization. 
com.intellij.util.DeprecatedMethodException: The default implementation of ConfigurationFactory.getId is deprecated, you need to override it in org.jetbrains.kotlin.idea.nodejs.protractor.KotlinProtractorConfigurationType$1. The default implementation delegates to 'getName' which may be localized but return value of this method must not depend on current localization.
	at com.intellij.util.DeprecatedMethodException.reportDefaultImplementation(DeprecatedMethodException.java:28)
	at com.intellij.execution.configurations.ConfigurationFactory.getId(ConfigurationFactory.java:80)
	at com.intellij.execution.impl.RunManagerImplKt.getFactoryKey(RunManagerImpl.kt:1296)
	at com.intellij.execution.impl.RunManagerImplKt.access$getFactoryKey(RunManagerImpl.kt:1)
	at com.intellij.execution.impl.RunManagerImpl.getConfigurationTemplate(RunManagerImpl.kt:313)
	at com.intellij.execution.impl.RunManagerImpl.createConfiguration(RunManagerImpl.kt:238)
	at com.intellij.execution.actions.RunConfigurationProducer.cloneTemplateConfigurationStatic(RunConfigurationProducer.java:258)
	at com.intellij.execution.actions.RunConfigurationProducer.cloneTemplateConfiguration(RunConfigurationProducer.java:248)
	at com.intellij.execution.actions.RunConfigurationProducer.createConfigurationFromContext(RunConfigurationProducer.java:97)
	at com.intellij.execution.actions.RunConfigurationProducer.findOrCreateConfigurationFromContext(RunConfigurationProducer.java:198)
	at com.intellij.execution.actions.PreferredProducerFind.doGetConfigurationsFromContext(PreferredProducerFind.java:110)
	at com.intellij.execution.actions.PreferredProducerFind.getConfigurationsFromContext(PreferredProducerFind.java:93)
	at com.intellij.execution.actions.ChooseRunConfigurationPopup.populateWithDynamicRunners(ChooseRunConfigurationPopup.java:1162)
	at com.intellij.execution.actions.ChooseRunConfigurationPopup.createSettingsList(ChooseRunConfigurationPopup.java:1039)
	at com.intellij.execution.actions.ChooseRunConfigurationPopup.createSettingsList(ChooseRunConfigurationPopup.java:969)
	at com.intellij.execution.actions.ChooseRunConfigurationPopup$ConfigurationListPopupStep.<init>(ChooseRunConfigurationPopup.java:410)
	at com.intellij.execution.actions.ChooseRunConfigurationPopup$ConfigurationListPopupStep.<init>(ChooseRunConfigurationPopup.java:401)
	at com.intellij.execution.actions.ChooseRunConfigurationPopup.<init>(ChooseRunConfigurationPopup.java:72)
	at com.intellij.execution.actions.ChooseRunConfigurationPopupAction.actionPerformed(ChooseRunConfigurationPopupAction.java:25)
	at com.intellij.openapi.actionSystem.ex.ActionUtil.performActionDumbAware(ActionUtil.java:280)
	at com.intellij.openapi.actionSystem.impl.ActionMenuItem$ActionTransmitter.lambda$actionPerformed$0(ActionMenuItem.java:296)
	at com.intellij.openapi.wm.impl.FocusManagerImpl.runOnOwnContext(FocusManagerImpl.java:281)
	at com.intellij.openapi.wm.impl.IdeFocusManagerImpl.runOnOwnContext(IdeFocusManagerImpl.java:77)
	at com.intellij.openapi.actionSystem.impl.ActionMenuItem$ActionTransmitter.actionPerformed(ActionMenuItem.java:285)
	at java.desktop/javax.swing.AbstractButton.fireActionPerformed(AbstractButton.java:1967)
	at com.intellij.openapi.actionSystem.impl.ActionMenuItem.lambda$fireActionPerformed$0(ActionMenuItem.java:112)
	at com.intellij.openapi.application.TransactionGuardImpl.performUserActivity(TransactionGuardImpl.java:94)
	at com.intellij.openapi.actionSystem.impl.ActionMenuItem.fireActionPerformed(ActionMenuItem.java:112)
	at com.intellij.ui.plaf.beg.BegMenuItemUI.doClick(BegMenuItemUI.java:517)
	at com.intellij.ui.plaf.beg.BegMenuItemUI.access$300(BegMenuItemUI.java:36)
	at com.intellij.ui.plaf.beg.BegMenuItemUI$MyMouseInputHandler.mouseReleased(BegMenuItemUI.java:539)
	at java.desktop/java.awt.Component.processMouseEvent(Component.java:6651)
	at java.desktop/javax.swing.JComponent.processMouseEvent(JComponent.java:3345)
	at java.desktop/java.awt.Component.processEvent(Component.java:6416)
	at java.desktop/java.awt.Container.processEvent(Container.java:2263)
	at java.desktop/java.awt.Component.dispatchEventImpl(Component.java:5026)
	at java.desktop/java.awt.Container.dispatchEventImpl(Container.java:2321)
	at java.desktop/java.awt.Component.dispatchEvent(Component.java:4858)
	at java.desktop/java.awt.LightweightDispatcher.retargetMouseEvent(Container.java:4918)
	at java.desktop/java.awt.LightweightDispatcher.processMouseEvent(Container.java:4547)
	at java.desktop/java.awt.LightweightDispatcher.dispatchEvent(Container.java:4488)
	at java.desktop/java.awt.Container.dispatchEventImpl(Container.java:2307)
	at java.desktop/java.awt.Window.dispatchEventImpl(Window.java:2773)
	at java.desktop/java.awt.Component.dispatchEvent(Component.java:4858)
	at java.desktop/java.awt.EventQueue.dispatchEventImpl(EventQueue.java:778)
	at java.desktop/java.awt.EventQueue$4.run(EventQueue.java:727)
	at java.desktop/java.awt.EventQueue$4.run(EventQueue.java:721)
	at java.base/java.security.AccessController.doPrivileged(Native Method)
	at java.base/java.security.ProtectionDomain$JavaSecurityAccessImpl.doIntersectionPrivilege(ProtectionDomain.java:85)
	at java.base/java.security.ProtectionDomain$JavaSecurityAccessImpl.doIntersectionPrivilege(ProtectionDomain.java:95)
	at java.desktop/java.awt.EventQueue$5.run(EventQueue.java:751)
	at java.desktop/java.awt.EventQueue$5.run(EventQueue.java:749)
	at java.base/java.security.AccessController.doPrivileged(Native Method)
	at java.base/java.security.ProtectionDomain$JavaSecurityAccessImpl.doIntersectionPrivilege(ProtectionDomain.java:85)
	at java.desktop/java.awt.EventQueue.dispatchEvent(EventQueue.java:748)
	at com.intellij.ide.IdeEventQueue.defaultDispatchEvent(IdeEventQueue.java:974)
	at com.intellij.ide.IdeEventQueue.dispatchMouseEvent(IdeEventQueue.java:912)
	at com.intellij.ide.IdeEventQueue._dispatchEvent(IdeEventQueue.java:844)
	at com.intellij.ide.IdeEventQueue.lambda$null$8(IdeEventQueue.java:449)
	at com.intellij.openapi.progress.impl.CoreProgressManager.computePrioritized(CoreProgressManager.java:741)
	at com.intellij.ide.IdeEventQueue.lambda$dispatchEvent$9(IdeEventQueue.java:448)
	at com.intellij.openapi.application.impl.ApplicationImpl.runIntendedWriteActionOnCurrentThread(ApplicationImpl.java:831)
	at com.intellij.ide.IdeEventQueue.dispatchEvent(IdeEventQueue.java:502)
	at java.desktop/java.awt.EventDispatchThread.pumpOneEventForFilters(EventDispatchThread.java:203)
	at java.desktop/java.awt.EventDispatchThread.pumpEventsForFilter(EventDispatchThread.java:124)
	at java.desktop/java.awt.EventDispatchThread.pumpEventsForHierarchy(EventDispatchThread.java:113)
	at java.desktop/java.awt.EventDispatchThread.pumpEvents(EventDispatchThread.java:109)
	at java.desktop/java.awt.EventDispatchThread.pumpEvents(EventDispatchThread.java:101)
	at java.desktop/java.awt.EventDispatchThread.run(EventDispatchThread.java:90)
2020-06-02 17:15:50,819 [6482742]   WARN - vdmanager.AvdManagerConnection - No Android SDK Found 
2020-06-02 17:15:52,416 [6484339]   WARN - rationStore.ComponentStoreImpl - save call is ignored because another save in progress 
java.lang.Throwable
	at com.intellij.configurationStore.ComponentStoreWithExtraComponents.save$suspendImpl(ComponentStoreWithExtraComponents.kt:29)
	at com.intellij.configurationStore.ComponentStoreWithExtraComponents.save(ComponentStoreWithExtraComponents.kt)
	at com.intellij.configurationStore.StoreUtilKt.saveSettings(storeUtil.kt:89)
	at com.intellij.configurationStore.StoreUtil$Companion$saveSettings$1.invokeSuspend(storeUtil.kt:48)
	at kotlin.coroutines.jvm.internal.BaseContinuationImpl.resumeWith(ContinuationImpl.kt:33)
	at kotlinx.coroutines.DispatchedTask.run(DispatchedTask.kt:56)
	at kotlinx.coroutines.EventLoopImplBase.processNextEvent(EventLoop.common.kt:272)
	at kotlinx.coroutines.BlockingCoroutine.joinBlocking(Builders.kt:79)
	at kotlinx.coroutines.BuildersKt__BuildersKt.runBlocking(Builders.kt:54)
	at kotlinx.coroutines.BuildersKt.runBlocking(Unknown Source)
	at kotlinx.coroutines.BuildersKt__BuildersKt.runBlocking$default(Builders.kt:36)
	at kotlinx.coroutines.BuildersKt.runBlocking$default(Unknown Source)
	at com.intellij.configurationStore.StoreUtil$Companion.saveSettings(storeUtil.kt:47)
	at com.intellij.configurationStore.StoreUtil.saveSettings(storeUtil.kt)
	at com.intellij.openapi.application.impl.ApplicationImpl.saveSettings(ApplicationImpl.java:1368)
	at com.intellij.compiler.impl.CompileDriver.startup(CompileDriver.java:385)
	at com.intellij.compiler.impl.CompileDriver.make(CompileDriver.java:91)
	at com.intellij.compiler.impl.CompileDriver.make(CompileDriver.java:86)
	at com.intellij.compiler.CompilerManagerImpl.make(CompilerManagerImpl.java:264)
	at com.intellij.task.impl.JpsProjectTaskRunner.runModulesBuildTasks(JpsProjectTaskRunner.java:123)
	at com.intellij.task.impl.JpsProjectTaskRunner.lambda$run$2(JpsProjectTaskRunner.java:75)
	at com.intellij.openapi.application.TransactionGuardImpl$2.run(TransactionGuardImpl.java:201)
	at com.intellij.openapi.application.impl.ApplicationImpl.runIntendedWriteActionOnCurrentThread(ApplicationImpl.java:831)
	at com.intellij.openapi.application.impl.ApplicationImpl.lambda$invokeLater$4(ApplicationImpl.java:310)
	at com.intellij.openapi.application.impl.FlushQueue.doRun(FlushQueue.java:80)
	at com.intellij.openapi.application.impl.FlushQueue.runNextEvent(FlushQueue.java:128)
	at com.intellij.openapi.application.impl.FlushQueue.flushNow(FlushQueue.java:46)
	at com.intellij.openapi.application.impl.FlushQueue$FlushNow.run(FlushQueue.java:184)
	at java.desktop/java.awt.event.InvocationEvent.dispatch(InvocationEvent.java:313)
	at java.desktop/java.awt.EventQueue.dispatchEventImpl(EventQueue.java:776)
	at java.desktop/java.awt.EventQueue$4.run(EventQueue.java:727)
	at java.desktop/java.awt.EventQueue$4.run(EventQueue.java:721)
	at java.base/java.security.AccessController.doPrivileged(Native Method)
	at java.base/java.security.ProtectionDomain$JavaSecurityAccessImpl.doIntersectionPrivilege(ProtectionDomain.java:85)
	at java.desktop/java.awt.EventQueue.dispatchEvent(EventQueue.java:746)
	at com.intellij.ide.IdeEventQueue.defaultDispatchEvent(IdeEventQueue.java:974)
	at com.intellij.ide.IdeEventQueue._dispatchEvent(IdeEventQueue.java:847)
	at com.intellij.ide.IdeEventQueue.lambda$null$8(IdeEventQueue.java:449)
	at com.intellij.openapi.progress.impl.CoreProgressManager.computePrioritized(CoreProgressManager.java:741)
	at com.intellij.ide.IdeEventQueue.lambda$dispatchEvent$9(IdeEventQueue.java:448)
	at com.intellij.openapi.application.impl.ApplicationImpl.runIntendedWriteActionOnCurrentThread(ApplicationImpl.java:831)
	at com.intellij.ide.IdeEventQueue.dispatchEvent(IdeEventQueue.java:496)
	at java.desktop/java.awt.EventDispatchThread.pumpOneEventForFilters(EventDispatchThread.java:203)
	at java.desktop/java.awt.EventDispatchThread.pumpEventsForFilter(EventDispatchThread.java:124)
	at java.desktop/java.awt.EventDispatchThread.pumpEventsForHierarchy(EventDispatchThread.java:113)
	at java.desktop/java.awt.EventDispatchThread.pumpEvents(EventDispatchThread.java:109)
	at java.desktop/java.awt.EventDispatchThread.pumpEvents(EventDispatchThread.java:101)
	at java.desktop/java.awt.EventDispatchThread.run(EventDispatchThread.java:90)
2020-06-02 17:15:52,535 [6484458]   WARN - com.intellij.util.xmlb.Binding - no accessors for class org.jetbrains.kotlin.idea.scripting.gradle.GradleScriptInputsWatcher$Storage 
2020-06-02 17:15:58,956 [6490879]   WARN - vdmanager.AvdManagerConnection - No Android SDK Found 
2020-06-02 17:18:51,911 [6663834]   WARN - n.process.BaseOSProcessHandler - Process hasn't generated any output for a long time.
If it's a long-running mostly idle daemon process, consider overriding OSProcessHandler#readerOptions with 'BaseOutputReader.Options.forMostlySilentProcess()' to reduce CPU usage.
Command line: /home/jgamboa/Documents/UAT/wildfly-11.0.0.Final/bin/standalone.sh 
java.lang.Throwable: Process creation:
	at com.intellij.execution.process.BaseOSProcessHandler.<init>(BaseOSProcessHandler.java:31)
	at com.intellij.execution.process.OSProcessHandler.<init>(OSProcessHandler.java:88)
	at com.intellij.execution.process.OSProcessHandler.<init>(OSProcessHandler.java:81)
	at com.intellij.javaee.run.execution.LocalJavaeeServerProcessHandler.<init>(LocalJavaeeServerProcessHandler.java:40)
	at com.intellij.javaee.run.execution.PatchedLocalState$ScriptBasedLocalJavaeeServerProcessHandler.<init>(PatchedLocalState.java:170)
	at com.intellij.javaee.run.execution.PatchedLocalState.startJ2EEProcess(PatchedLocalState.java:94)
	at com.intellij.javaee.run.execution.J2EEProcessHandlerWrapper.lambda$new$0(J2EEProcessHandlerWrapper.java:90)
	at com.intellij.util.concurrency.BoundedTaskExecutor.doRun(BoundedTaskExecutor.java:222)
	at com.intellij.util.concurrency.BoundedTaskExecutor.access$200(BoundedTaskExecutor.java:29)
	at com.intellij.util.concurrency.BoundedTaskExecutor$1.execute(BoundedTaskExecutor.java:201)
	at com.intellij.util.ConcurrencyUtil.runUnderThreadName(ConcurrencyUtil.java:210)
	at com.intellij.util.concurrency.BoundedTaskExecutor$1.run(BoundedTaskExecutor.java:190)
	at java.base/java.util.concurrent.ThreadPoolExecutor.runWorker(ThreadPoolExecutor.java:1128)
	at java.base/java.util.concurrent.ThreadPoolExecutor$Worker.run(ThreadPoolExecutor.java:628)
	at java.base/java.lang.Thread.run(Thread.java:834)
2020-06-02 17:18:58,384 [6670307]   WARN - n.process.BaseOSProcessHandler - Process hasn't generated any output for a long time.
If it's a long-running mostly idle daemon process, consider overriding OSProcessHandler#readerOptions with 'BaseOutputReader.Options.forMostlySilentProcess()' to reduce CPU usage.
Command line: /home/jgamboa/.jdks/openjdk-14.0.1/bin/java -Dfile.encoding=UTF-8 -classpath /tmp/classpath1883609287.jar com.intellij.javaee.oss.process.JavaeeProcess 37423 com.intellij.javaee.oss.jboss.agent.WildFly11Agent 
java.lang.Throwable: Process creation:
	at com.intellij.execution.process.BaseOSProcessHandler.<init>(BaseOSProcessHandler.java:31)
	at com.intellij.execution.process.OSProcessHandler.<init>(OSProcessHandler.java:46)
	at com.intellij.execution.configurations.SimpleJavaParameters.createOSProcessHandler(SimpleJavaParameters.java:194)
	at com.intellij.javaee.oss.agent.ProcessAgentProxyFactory.createProcess(ProcessAgentProxyFactory.java:103)
	at com.intellij.javaee.oss.agent.ProcessAgentProxyFactory.access$200(ProcessAgentProxyFactory.java:37)
	at com.intellij.javaee.oss.agent.ProcessAgentProxyFactory$ProcessAgentProxy.init(ProcessAgentProxyFactory.java:194)
	at com.intellij.javaee.oss.admin.JavaeeAgentAdminServerBase.start(JavaeeAgentAdminServerBase.java:67)
	at java.base/jdk.internal.reflect.NativeMethodAccessorImpl.invoke0(Native Method)
	at java.base/jdk.internal.reflect.NativeMethodAccessorImpl.invoke(NativeMethodAccessorImpl.java:62)
	at java.base/jdk.internal.reflect.DelegatingMethodAccessorImpl.invoke(DelegatingMethodAccessorImpl.java:43)
	at java.base/java.lang.reflect.Method.invoke(Method.java:566)
	at com.intellij.remoteServer.agent.impl.ThreadInvocationHandler.lambda$invoke$0(ThreadInvocationHandler.java:53)
	at java.base/java.util.concurrent.FutureTask.run(FutureTask.java:264)
	at com.intellij.util.concurrency.BoundedTaskExecutor.doRun(BoundedTaskExecutor.java:222)
	at com.intellij.util.concurrency.BoundedTaskExecutor.access$200(BoundedTaskExecutor.java:29)
	at com.intellij.util.concurrency.BoundedTaskExecutor$1.execute(BoundedTaskExecutor.java:201)
	at com.intellij.util.ConcurrencyUtil.runUnderThreadName(ConcurrencyUtil.java:210)
	at com.intellij.util.concurrency.BoundedTaskExecutor$1.run(BoundedTaskExecutor.java:190)
	at java.base/java.util.concurrent.ThreadPoolExecutor.runWorker(ThreadPoolExecutor.java:1128)
	at java.base/java.util.concurrent.ThreadPoolExecutor$Worker.run(ThreadPoolExecutor.java:628)
	at java.base/java.lang.Thread.run(Thread.java:834)
2020-06-02 17:20:08,208 [6740131]   WARN - n.process.BaseOSProcessHandler - Process hasn't generated any output for a long time.
If it's a long-running mostly idle daemon process, consider overriding OSProcessHandler#readerOptions with 'BaseOutputReader.Options.forMostlySilentProcess()' to reduce CPU usage.
Command line: /home/jgamboa/Documents/UAT/wildfly-11.0.0.Final/bin/standalone.sh 
java.lang.Throwable: Process creation:
	at com.intellij.execution.process.BaseOSProcessHandler.<init>(BaseOSProcessHandler.java:31)
	at com.intellij.execution.process.OSProcessHandler.<init>(OSProcessHandler.java:46)
	at com.intellij.execution.process.KillableProcessHandler.<init>(KillableProcessHandler.java:37)
	at com.intellij.execution.process.ColoredProcessHandler.<init>(ColoredProcessHandler.java:24)
	at com.intellij.execution.process.KillableColoredProcessHandler.<init>(KillableColoredProcessHandler.java:29)
	at com.intellij.execution.process.KillableColoredProcessHandler.<init>(KillableColoredProcessHandler.java:22)
	at com.intellij.javaee.run.localRun.ColoredCommandLineExecutableObject.createProcessHandler(ColoredCommandLineExecutableObject.java:18)
	at com.intellij.javaee.run.localRun.CommandLineExecutableObject.createProcessHandler(CommandLineExecutableObject.java:70)
	at com.intellij.javaee.run.execution.PatchedLocalState.startJ2EEProcess(PatchedLocalState.java:92)
	at com.intellij.javaee.run.execution.J2EEProcessHandlerWrapper.lambda$new$0(J2EEProcessHandlerWrapper.java:90)
	at com.intellij.util.concurrency.BoundedTaskExecutor.doRun(BoundedTaskExecutor.java:222)
	at com.intellij.util.concurrency.BoundedTaskExecutor.access$200(BoundedTaskExecutor.java:29)
	at com.intellij.util.concurrency.BoundedTaskExecutor$1.execute(BoundedTaskExecutor.java:201)
	at com.intellij.util.ConcurrencyUtil.runUnderThreadName(ConcurrencyUtil.java:210)
	at com.intellij.util.concurrency.BoundedTaskExecutor$1.run(BoundedTaskExecutor.java:190)
	at java.base/java.util.concurrent.ThreadPoolExecutor.runWorker(ThreadPoolExecutor.java:1128)
	at java.base/java.util.concurrent.ThreadPoolExecutor$Worker.run(ThreadPoolExecutor.java:628)
	at java.base/java.lang.Thread.run(Thread.java:834)
